Release 14.7 - xst P.20131013 (nt64)
Copyright (c) 1995-2013 Xilinx, Inc.  All rights reserved.
--> Parameter TMPDIR set to xst/projnav.tmp


Total REAL time to Xst completion: 0.00 secs
Total CPU time to Xst completion: 0.19 secs
 
--> Parameter xsthdpdir set to xst


Total REAL time to Xst completion: 0.00 secs
Total CPU time to Xst completion: 0.19 secs
 
--> Reading design: Contador_8b.prj

TABLE OF CONTENTS
  1) Synthesis Options Summary
  2) HDL Compilation
  3) Design Hierarchy Analysis
  4) HDL Analysis
  5) HDL Synthesis
     5.1) HDL Synthesis Report
  6) Advanced HDL Synthesis
     6.1) Advanced HDL Synthesis Report
  7) Low Level Synthesis
  8) Partition Report
  9) Final Report
	9.1) Device utilization summary
	9.2) Partition Resource Summary
	9.3) TIMING REPORT


=========================================================================
*                      Synthesis Options Summary                        *
=========================================================================
---- Source Parameters
Input File Name                    : "Contador_8b.prj"
Input Format                       : mixed
Ignore Synthesis Constraint File   : NO

---- Target Parameters
Output File Name                   : "Contador_8b"
Output Format                      : NGC
Target Device                      : xc3s200-5-ft256

---- Source Options
Top Module Name                    : Contador_8b
Automatic FSM Extraction           : YES
FSM Encoding Algorithm             : Auto
Safe Implementation                : No
FSM Style                          : LUT
RAM Extraction                     : Yes
RAM Style                          : Auto
ROM Extraction                     : Yes
Mux Style                          : Auto
Decoder Extraction                 : YES
Priority Encoder Extraction        : Yes
Shift Register Extraction          : YES
Logical Shifter Extraction         : YES
XOR Collapsing                     : YES
ROM Style                          : Auto
Mux Extraction                     : Yes
Resource Sharing                   : YES
Asynchronous To Synchronous        : NO
Multiplier Style                   : Auto
Automatic Register Balancing       : No

---- Target Options
Add IO Buffers                     : YES
Global Maximum Fanout              : 100000
Add Generic Clock Buffer(BUFG)     : 8
Register Duplication               : YES
Slice Packing                      : YES
Optimize Instantiated Primitives   : NO
Use Clock Enable                   : Yes
Use Synchronous Set                : Yes
Use Synchronous Reset              : Yes
Pack IO Registers into IOBs        : Auto
Equivalent register Removal        : YES

---- General Options
Optimization Goal                  : Speed
Optimization Effort                : 1
Keep Hierarchy                     : No
Netlist Hierarchy                  : As_Optimized
RTL Output                         : Yes
Global Optimization                : AllClockNets
Read Cores                         : YES
Write Timing Constraints           : NO
Cross Clock Analysis               : NO
Hierarchy Separator                : /
Bus Delimiter                      : <>
Case Specifier                     : Maintain
Slice Utilization Ratio            : 100
BRAM Utilization Ratio             : 100
Verilog 2001                       : YES
Auto BRAM Packing                  : NO
Slice Utilization Ratio Delta      : 5

=========================================================================


=========================================================================
*                          HDL Compilation                              *
=========================================================================
WARNING:HDLParsers:3607 - Unit work/Contador_8b is now defined in a different file.  It was defined in "C:/Users/sed/Desktop/Contador_Hexadecimal_8/Contador_8b.vhd", and is now defined in "C:/Users/daniel/Desktop/Contador_Hexadecimal_8/Contador_8b.vhd".
WARNING:HDLParsers:3607 - Unit work/Contador_8b/STRUCTURAL is now defined in a different file.  It was defined in "C:/Users/sed/Desktop/Contador_Hexadecimal_8/Contador_8b.vhd", and is now defined in "C:/Users/daniel/Desktop/Contador_Hexadecimal_8/Contador_8b.vhd".
WARNING:HDLParsers:3607 - Unit work/AND3 is now defined in a different file.  It was defined in "C:/Users/sed/Desktop/Contador_Hexadecimal_8/AND3.vhd", and is now defined in "C:/Users/daniel/Desktop/Contador_Hexadecimal_8/AND3.vhd".
WARNING:HDLParsers:3607 - Unit work/AND3/Behavioral is now defined in a different file.  It was defined in "C:/Users/sed/Desktop/Contador_Hexadecimal_8/AND3.vhd", and is now defined in "C:/Users/daniel/Desktop/Contador_Hexadecimal_8/AND3.vhd".
WARNING:HDLParsers:3607 - Unit work/Contador_4b is now defined in a different file.  It was defined in "C:/Users/sed/Desktop/Contador_Hexadecimal_8/Contador_4b.vhd", and is now defined in "C:/Users/daniel/Desktop/Contador_Hexadecimal_8/Contador_4b.vhd".
WARNING:HDLParsers:3607 - Unit work/Contador_4b/behavioral is now defined in a different file.  It was defined in "C:/Users/sed/Desktop/Contador_Hexadecimal_8/Contador_4b.vhd", and is now defined in "C:/Users/daniel/Desktop/Contador_Hexadecimal_8/Contador_4b.vhd".
WARNING:HDLParsers:3607 - Unit work/FFSR is now defined in a different file.  It was defined in "C:/Users/sed/Desktop/Contador_Hexadecimal_8/FFSR.vhd", and is now defined in "C:/Users/daniel/Desktop/Contador_Hexadecimal_8/FFSR.vhd".
WARNING:HDLParsers:3607 - Unit work/FFSR/Behavioral is now defined in a different file.  It was defined in "C:/Users/sed/Desktop/Contador_Hexadecimal_8/FFSR.vhd", and is now defined in "C:/Users/daniel/Desktop/Contador_Hexadecimal_8/FFSR.vhd".
WARNING:HDLParsers:3607 - Unit work/AND2 is now defined in a different file.  It was defined in "C:/Users/sed/Desktop/Contador_Hexadecimal_8/AND2.vhd", and is now defined in "C:/Users/daniel/Desktop/Contador_Hexadecimal_8/AND2.vhd".
WARNING:HDLParsers:3607 - Unit work/AND2/Behavioral is now defined in a different file.  It was defined in "C:/Users/sed/Desktop/Contador_Hexadecimal_8/AND2.vhd", and is now defined in "C:/Users/daniel/Desktop/Contador_Hexadecimal_8/AND2.vhd".
WARNING:HDLParsers:3607 - Unit work/FFJK is now defined in a different file.  It was defined in "C:/Users/sed/Desktop/Contador_Hexadecimal_8/FFJK.vhd", and is now defined in "C:/Users/daniel/Desktop/Contador_Hexadecimal_8/FFJK.vhd".
WARNING:HDLParsers:3607 - Unit work/FFJK/Behavioral is now defined in a different file.  It was defined in "C:/Users/sed/Desktop/Contador_Hexadecimal_8/FFJK.vhd", and is now defined in "C:/Users/daniel/Desktop/Contador_Hexadecimal_8/FFJK.vhd".
WARNING:HDLParsers:3607 - Unit work/INV is now defined in a different file.  It was defined in "C:/Users/sed/Desktop/Contador_Hexadecimal_8/INV.vhd", and is now defined in "C:/Users/daniel/Desktop/Contador_Hexadecimal_8/INV.vhd".
WARNING:HDLParsers:3607 - Unit work/INV/Behavioral is now defined in a different file.  It was defined in "C:/Users/sed/Desktop/Contador_Hexadecimal_8/INV.vhd", and is now defined in "C:/Users/daniel/Desktop/Contador_Hexadecimal_8/INV.vhd".
WARNING:HDLParsers:3607 - Unit work/OR2 is now defined in a different file.  It was defined in "C:/Users/sed/Desktop/Contador_Hexadecimal_8/OR2.vhd", and is now defined in "C:/Users/daniel/Desktop/Contador_Hexadecimal_8/OR2.vhd".
WARNING:HDLParsers:3607 - Unit work/OR2/Behavioral is now defined in a different file.  It was defined in "C:/Users/sed/Desktop/Contador_Hexadecimal_8/OR2.vhd", and is now defined in "C:/Users/daniel/Desktop/Contador_Hexadecimal_8/OR2.vhd".
Compiling vhdl file "C:/Users/daniel/Desktop/Contador_Hexadecimal_8/INV.vhd" in Library work.
Architecture behavioral of Entity inv is up to date.
Compiling vhdl file "C:/Users/daniel/Desktop/Contador_Hexadecimal_8/AND2.vhd" in Library work.
Architecture behavioral of Entity and2 is up to date.
Compiling vhdl file "C:/Users/daniel/Desktop/Contador_Hexadecimal_8/OR2.vhd" in Library work.
Architecture behavioral of Entity or2 is up to date.
Compiling vhdl file "C:/Users/daniel/Desktop/Contador_Hexadecimal_8/FFJK.vhd" in Library work.
Architecture behavioral of Entity ffjk is up to date.
Compiling vhdl file "C:/Users/daniel/Desktop/Contador_Hexadecimal_8/FFSR.vhd" in Library work.
Architecture behavioral of Entity ffsr is up to date.
Compiling vhdl file "C:/Users/daniel/Desktop/Contador_Hexadecimal_8/Contador_4b.vhd" in Library work.
Architecture behavioral of Entity contador_4b is up to date.
Compiling vhdl file "C:/Users/daniel/Desktop/Contador_Hexadecimal_8/AND3.vhd" in Library work.
Architecture behavioral of Entity and3 is up to date.
Compiling vhdl file "C:/Users/daniel/Desktop/Contador_Hexadecimal_8/Contador_8b.vhd" in Library work.
Architecture structural of Entity contador_8b is up to date.

=========================================================================
*                     Design Hierarchy Analysis                         *
=========================================================================
Analyzing hierarchy for entity <Contador_8b> in library <work> (architecture <structural>).

Analyzing hierarchy for entity <AND2> in library <work> (architecture <behavioral>).

Analyzing hierarchy for entity <INV> in library <work> (architecture <behavioral>).

Analyzing hierarchy for entity <FFSR> in library <work> (architecture <behavioral>).

Analyzing hierarchy for entity <Contador_4b> in library <work> (architecture <structural>).

Analyzing hierarchy for entity <AND3> in library <work> (architecture <behavioral>).

Analyzing hierarchy for entity <OR2> in library <work> (architecture <behavioral>).

Analyzing hierarchy for entity <INV> in library <work> (architecture <behavioral>).

Analyzing hierarchy for entity <AND2> in library <work> (architecture <behavioral>).

Analyzing hierarchy for entity <FFJK> in library <work> (architecture <behavioral>).


=========================================================================
*                            HDL Analysis                               *
=========================================================================
Analyzing Entity <Contador_8b> in library <work> (Architecture <structural>).
Entity <Contador_8b> analyzed. Unit <Contador_8b> generated.

Analyzing Entity <AND2> in library <work> (Architecture <behavioral>).
Entity <AND2> analyzed. Unit <AND2> generated.

Analyzing Entity <INV> in library <work> (Architecture <behavioral>).
Entity <INV> analyzed. Unit <INV> generated.

Analyzing Entity <FFSR> in library <work> (Architecture <behavioral>).
Entity <FFSR> analyzed. Unit <FFSR> generated.

Analyzing Entity <Contador_4b> in library <work> (Architecture <structural>).
INTERNAL_ERROR:Xst:cmain.c:3464:1.56 -  Process will terminate. For technical support on this issue, please open a WebCase with this project attached at http://www.xilinx.com/support.  
