Release 14.4 - ngc2edif P.49d (nt)
Copyright (c) 1995-2012 Xilinx, Inc.  All rights reserved.
Reading design INTERFACE.ngc ...
WARNING:NetListWriters:298 - No output is written to INTERFACE.xncf, ignored.
Processing design ...
   Preping design's networks ...
   Preping design's macros ...
  finished :Prep
Writing EDIF netlist file INTERFACE.edif ...
ngc2edif: Total memory usage is 60416 kilobytes

Release 14.1 - ngc2edif P.15xf (nt64)
Copyright (c) 1995-2012 Xilinx, Inc.  All rights reserved.
Reading design INTERFACE.ngc ...
WARNING:NetListWriters:298 - No output is written to INTERFACE.xncf, ignored.
Processing design ...
   Preping design's networks ...
   Preping design's macros ...
  finished :Prep
Writing EDIF netlist file INTERFACE.edif ...
ngc2edif: Total memory usage is 74764 kilobytes

Release 14.1 - ngc2edif P.15xf (nt64)
Copyright (c) 1995-2012 Xilinx, Inc.  All rights reserved.
Reading design INTERFACE.ngc ...
WARNING:NetListWriters:298 - No output is written to INTERFACE.xncf, ignored.
Processing design ...
   Preping design's networks ...
   Preping design's macros ...
  finished :Prep
Writing EDIF netlist file INTERFACE.edif ...
ngc2edif: Total memory usage is 74956 kilobytes

