
****** PlanAhead v14.1 (64-bit)
  **** Build 179419 by xbuild on Thu Apr 26 11:43:29 MDT 2012
    ** Copyright 1986-1999, 2001-2012 Xilinx, Inc. All Rights Reserved.

INFO: [Device-36] Loading parts and site information from C:/Xilinx/14.1/ISE_DS/PlanAhead/data/parts/arch.xml
Parsing RTL primitives file [C:/Xilinx/14.1/ISE_DS/PlanAhead/data/parts/xilinx/rtl/prims/rtl_prims.xml]
Finished parsing RTL primitives file [C:/Xilinx/14.1/ISE_DS/PlanAhead/data/parts/xilinx/rtl/prims/rtl_prims.xml]
start_gui
starting gui ...
source C:/Users/sed/Desktop/SED/pa.fromNetlist.tcl
# create_project -name jod -dir "C:/Users/sed/Desktop/SED/planAhead_run_4" -part xc3s200ft256-5
Parsing template File [C:/Xilinx/14.1/ISE_DS/ISE\data\projnav\templates\verilog.xml].
Finished parsing template File [C:/Xilinx/14.1/ISE_DS/ISE\data\projnav\templates\verilog.xml].
Parsing template File [C:/Xilinx/14.1/ISE_DS/ISE\data\projnav\templates\vhdl.xml].
Finished parsing template File [C:/Xilinx/14.1/ISE_DS/ISE\data\projnav\templates\vhdl.xml].
Parsing template File [C:/Xilinx/14.1/ISE_DS/ISE\data\projnav\templates\ucf.xml].
Finished parsing template File [C:/Xilinx/14.1/ISE_DS/ISE\data\projnav\templates\ucf.xml].
# set_property design_mode GateLvl [get_property srcset [current_run -impl]]
# set_property edif_top_file "C:/Users/sed/Desktop/SED/INTERFACE.ngc" [ get_property srcset [ current_run ] ]
# add_files -norecurse { {C:/Users/sed/Desktop/SED} }
# set_param project.pinAheadLayout  yes
# set_property target_constrs_file "INTERFACE.ucf" [current_fileset -constrset]
Adding file 'C:\Users\sed\Desktop\SED\INTERFACE.ucf' to fileset 'constrs_1'
# add_files [list {INTERFACE.ucf}] -fileset [get_property constrset [current_run]]
# link_design
Design is defaulting to srcset: sources_1
Design is defaulting to constrset: constrs_1
Design is defaulting to project part: xc3s200ft256-5
Release 14.1 - ngc2edif P.15xf (nt64)
Copyright (c) 1995-2012 Xilinx, Inc.  All rights reserved.
Reading design INTERFACE.ngc ...
WARNING:NetListWriters:298 - No output is written to INTERFACE.xncf, ignored.
Processing design ...
   Preping design's networks ...
   Preping design's macros ...
  finished :Prep
Writing EDIF netlist file INTERFACE.edif ...
ngc2edif: Total memory usage is 74956 kilobytes

Parsing EDIF File [.\planAhead_run_4\jod.data\cache\INTERFACE_ngc_7d170901.edif]
Finished Parsing EDIF File [.\planAhead_run_4\jod.data\cache\INTERFACE_ngc_7d170901.edif]
INFO: [Project-86] Reading macro library C:/Xilinx/14.1/ISE_DS/PlanAhead/data\./parts/xilinx/spartan3/hd_int_macros.edn
Parsing EDIF File [C:/Xilinx/14.1/ISE_DS/PlanAhead/data\./parts/xilinx/spartan3/hd_int_macros.edn]
Finished Parsing EDIF File [C:/Xilinx/14.1/ISE_DS/PlanAhead/data\./parts/xilinx/spartan3/hd_int_macros.edn]
Loading clock regions from C:/Xilinx/14.1/ISE_DS/PlanAhead/data\parts/xilinx/spartan3/spartan3/xc3s200/ClockRegion.xml
Loading clock buffers from C:/Xilinx/14.1/ISE_DS/PlanAhead/data\parts/xilinx/spartan3/spartan3/xc3s200/ClockBuffers.xml
Loading package from C:/Xilinx/14.1/ISE_DS/PlanAhead/data\parts/xilinx/spartan3/spartan3/xc3s200/ft256/Package.xml
Loading io standards from C:/Xilinx/14.1/ISE_DS/PlanAhead/data\./parts/xilinx/spartan3/IOStandards.xml
INFO: [Device-19] Loading pkg sso from C:/Xilinx/14.1/ISE_DS/PlanAhead/data\parts/xilinx/spartan3/spartan3/xc3s200/ft256/SSORules.xml
Loading list of drcs for the architecture : C:/Xilinx/14.1/ISE_DS/PlanAhead/data\./parts/xilinx/spartan3/drc.xml
INFO: [Timing-77] Reading timing library C:/Xilinx/14.1/ISE_DS/PlanAhead/data\parts/xilinx/spartan3/spartan3/spartan3-5.lib.
INFO: [Timing-34] Done reading timing library C:/Xilinx/14.1/ISE_DS/PlanAhead/data\parts/xilinx/spartan3/spartan3/spartan3-5.lib.
Parsing UCF File [C:\Users\sed\Desktop\SED\INTERFACE.ucf]
Finished Parsing UCF File [C:\Users\sed\Desktop\SED\INTERFACE.ucf]
INFO: [Project-111] Unisim Transformation Summary:
  A total of 1 instances were transformed.
  BUFGP => BUFGP (HD_IBUFG, HD_BUFG): 1 instances

INFO: [Project-176] Phase 0 Netlist Checksum: fd6b5b00 
set_property iostandard LVCMOS33 [get_ports [list {digctrl[3]}]]
exit
INFO: [Common-206] Exiting PlanAhead...
INFO: [Common-83] Releasing license: PlanAhead
