#-----------------------------------------------------------
# PlanAhead v14.4
# Build 222254 by xbuild on Tue Dec 18 05:23:01 MST 2012
# Start of session at: Sun Jan 18 20:28:57 2015
# Process ID: 3380
# Log file: C:/Users/Serrano/Desktop/SED/planAhead_run_2/planAhead.log
# Journal file: C:/Users/Serrano/Desktop/SED/planAhead_run_2/planAhead.jou
#-----------------------------------------------------------
INFO: [Common 17-78] Attempting to get a license: PlanAhead
INFO: [Common 17-290] Got license for PlanAhead
INFO: [Device 21-36] Loading parts and site information from D:/Xilinx/14.4/ISE_DS/PlanAhead/data/parts/arch.xml
Parsing RTL primitives file [D:/Xilinx/14.4/ISE_DS/PlanAhead/data/parts/xilinx/rtl/prims/rtl_prims.xml]
Finished parsing RTL primitives file [D:/Xilinx/14.4/ISE_DS/PlanAhead/data/parts/xilinx/rtl/prims/rtl_prims.xml]
start_gui
source C:/Users/Serrano/Desktop/SED/pa.fromNetlist.tcl
# create_project -name jod -dir "C:/Users/Serrano/Desktop/SED/planAhead_run_3" -part xc3s200ft256-5
ERROR: [Common 17-53] User Exception: Project already exists on disk, please use '-force' option to overwrite: 
     C:/Users/Serrano/Desktop/SED/planAhead_run_3/jod.ppr
     C:/Users/Serrano/Desktop/SED/planAhead_run_3/jod.data

    while executing
"create_project -name jod -dir "C:/Users/Serrano/Desktop/SED/planAhead_run_3" -part xc3s200ft256-5"
    (file "C:/Users/Serrano/Desktop/SED/pa.fromNetlist.tcl" line 4)
exit
INFO: [Common 17-206] Exiting PlanAhead at Sun Jan 18 20:33:41 2015...
INFO: [Common 17-83] Releasing license: PlanAhead
